C51 COMPILER V9.00   ALARM_DISABLE                                                         11/18/2020 23:21:50 PAGE 1   


C51 COMPILER V9.00, COMPILATION OF MODULE ALARM_DISABLE
OBJECT MODULE PLACED IN alarm_disable.OBJ
COMPILER INVOKED BY: C:\Keil4\C51\BIN\C51.EXE alarm_disable.c DEBUG OBJECTEXTEND

line level    source

   1          #include "ds12c887.h" 
   2          
   3          void _alarm_disable(void)
   4          {
   5   1        unsigned char ctrl;
   6   1        ctrl = DS12C887_Peri_Read(CR_B);//特别注意读-修改-写
   7   1        Clr_Bit(ctrl,5);      //置零AIE位
   8   1        DS12C887_Peri_Write(CR_B,ctrl);
   9   1      }


MODULE INFORMATION:   STATIC OVERLAYABLE
   CODE SIZE        =     15    ----
   CONSTANT SIZE    =   ----    ----
   XDATA SIZE       =   ----    ----
   PDATA SIZE       =   ----    ----
   DATA SIZE        =   ----    ----
   IDATA SIZE       =   ----    ----
   BIT SIZE         =   ----    ----
END OF MODULE INFORMATION.


C51 COMPILATION COMPLETE.  0 WARNING(S),  0 ERROR(S)
