C51 COMPILER V9.00   ALARM_ENABLE                                                          11/18/2020 23:21:50 PAGE 1   


C51 COMPILER V9.00, COMPILATION OF MODULE ALARM_ENABLE
OBJECT MODULE PLACED IN alarm_enable.OBJ
COMPILER INVOKED BY: C:\Keil4\C51\BIN\C51.EXE alarm_enable.c DEBUG OBJECTEXTEND

line level    source

   1          #include "ds12c887.h" 
   2          
   3          void _alarm_enable(PTIME time)
   4          {
   5   1        unsigned char ctrl;
   6   1        ctrl = DS12C887_Peri_Read(CR_B);//特别注意读-修改-写
   7   1        Set_Bit(ctrl,7);      //设置SET位，禁止更新
   8   1        DS12C887_Peri_Write(CR_B,ctrl);
   9   1      
  10   1        DS12C887_Peri_Write(SEC_ALARM,time->second);
  11   1        DS12C887_Peri_Write(MIN_ALARM,time->minute);
  12   1        DS12C887_Peri_Write(HOUR_ALARM,time->hour);
  13   1      
  14   1        ctrl = DS12C887_Peri_Read(CR_B);//特别注意读-修改-写
  15   1        Set_Bit(ctrl,5);      //设置AIE位,闹钟
  16   1        Clr_Bit(ctrl,7);//清零SET位，恢复更新
  17   1        DS12C887_Peri_Write(CR_B,ctrl);
  18   1      }


MODULE INFORMATION:   STATIC OVERLAYABLE
   CODE SIZE        =     93    ----
   CONSTANT SIZE    =   ----    ----
   XDATA SIZE       =   ----    ----
   PDATA SIZE       =   ----    ----
   DATA SIZE        =   ----       3
   IDATA SIZE       =   ----    ----
   BIT SIZE         =   ----    ----
END OF MODULE INFORMATION.


C51 COMPILATION COMPLETE.  0 WARNING(S),  0 ERROR(S)
