C51 COMPILER V9.00   BCD2DEC                                                               11/18/2020 23:21:51 PAGE 1   


C51 COMPILER V9.00, COMPILATION OF MODULE BCD2DEC
OBJECT MODULE PLACED IN bcd2dec.OBJ
COMPILER INVOKED BY: C:\Keil4\C51\BIN\C51.EXE bcd2dec.c DEBUG OBJECTEXTEND

line level    source

   1          #include "ds12c887.h" 
   2          
   3          uint8_t bcd2dec(uint8_t dat)
   4          {
   5   1          uint8_t temp;
   6   1      
   7   1          temp = ((dat >> 4) * 10 + (dat & 0x0f));
   8   1          return temp;
   9   1      }


MODULE INFORMATION:   STATIC OVERLAYABLE
   CODE SIZE        =     15    ----
   CONSTANT SIZE    =   ----    ----
   XDATA SIZE       =   ----    ----
   PDATA SIZE       =   ----    ----
   DATA SIZE        =   ----    ----
   IDATA SIZE       =   ----    ----
   BIT SIZE         =   ----    ----
END OF MODULE INFORMATION.


C51 COMPILATION COMPLETE.  0 WARNING(S),  0 ERROR(S)
