C51 COMPILER V9.00   GETTIME                                                               11/18/2020 23:21:50 PAGE 1   


C51 COMPILER V9.00, COMPILATION OF MODULE GETTIME
OBJECT MODULE PLACED IN gettime.OBJ
COMPILER INVOKED BY: C:\Keil4\C51\BIN\C51.EXE gettime.c DEBUG OBJECTEXTEND

line level    source

   1          #include "ds12c887.h"
   2          
   3          void _gettime(PTIME time)
   4          {
   5   1        while(DS12C887_Peri_Read(CR_A) & 0x80 != 0);
   6   1        time->second  = DS12C887_Peri_Read(SEC);
   7   1        while(DS12C887_Peri_Read(CR_A) & 0x80 != 0);
   8   1        time->minute  = DS12C887_Peri_Read(MIN);
   9   1        while(DS12C887_Peri_Read(CR_A) & 0x80 != 0);
  10   1        time->hour    = DS12C887_Peri_Read(HOUR);
  11   1        while(DS12C887_Peri_Read(CR_A) & 0x80 != 0);
  12   1        time->weekday = DS12C887_Peri_Read(WEEKDAY);
  13   1        while(DS12C887_Peri_Read(CR_A) & 0x80 != 0);
  14   1        time->day     = DS12C887_Peri_Read(DAY);
  15   1        while(DS12C887_Peri_Read(CR_A) & 0x80 != 0);
  16   1        time->month   = DS12C887_Peri_Read(MONTH);
  17   1        while(DS12C887_Peri_Read(CR_A) & 0x80 != 0);
  18   1        time->year    = DS12C887_Peri_Read(YEAR);
  19   1      }


MODULE INFORMATION:   STATIC OVERLAYABLE
   CODE SIZE        =    192    ----
   CONSTANT SIZE    =   ----    ----
   XDATA SIZE       =   ----    ----
   PDATA SIZE       =   ----    ----
   DATA SIZE        =   ----       3
   IDATA SIZE       =   ----    ----
   BIT SIZE         =   ----    ----
END OF MODULE INFORMATION.


C51 COMPILATION COMPLETE.  0 WARNING(S),  0 ERROR(S)
