C51 COMPILER V9.00   PR_READ                                                               11/18/2020 23:21:49 PAGE 1   


C51 COMPILER V9.00, COMPILATION OF MODULE PR_READ
OBJECT MODULE PLACED IN pr_read.OBJ
COMPILER INVOKED BY: C:\Keil4\C51\BIN\C51.EXE pr_read.c DEBUG OBJECTEXTEND

line level    source

   1          #include "ds12c887.h"
   2          
   3          uint8_t DS12C887_Peri_Read(uint8_t offset)
   4          {
   5   1          return (XBYTE[0x7f00 + offset]);
   6   1      }


MODULE INFORMATION:   STATIC OVERLAYABLE
   CODE SIZE        =     12    ----
   CONSTANT SIZE    =   ----    ----
   XDATA SIZE       =   ----    ----
   PDATA SIZE       =   ----    ----
   DATA SIZE        =   ----    ----
   IDATA SIZE       =   ----    ----
   BIT SIZE         =   ----    ----
END OF MODULE INFORMATION.


C51 COMPILATION COMPLETE.  0 WARNING(S),  0 ERROR(S)
