C51 COMPILER V9.00   PR_WRITE                                                              11/18/2020 23:21:49 PAGE 1   


C51 COMPILER V9.00, COMPILATION OF MODULE PR_WRITE
OBJECT MODULE PLACED IN pr_write.OBJ
COMPILER INVOKED BY: C:\Keil4\C51\BIN\C51.EXE pr_write.c DEBUG OBJECTEXTEND

line level    source

   1          #include "ds12c887.h"
   2          
   3          
   4          void DS12C887_Peri_Write(uint8_t offset,uint8_t dat)
   5          {
   6   1        XBYTE[0x7f00 + offset] = dat;
   7   1      }       


MODULE INFORMATION:   STATIC OVERLAYABLE
   CODE SIZE        =     12    ----
   CONSTANT SIZE    =   ----    ----
   XDATA SIZE       =   ----    ----
   PDATA SIZE       =   ----    ----
   DATA SIZE        =   ----    ----
   IDATA SIZE       =   ----    ----
   BIT SIZE         =   ----    ----
END OF MODULE INFORMATION.


C51 COMPILATION COMPLETE.  0 WARNING(S),  0 ERROR(S)
