C51 COMPILER V9.00   SETALARM                                                              11/18/2020 23:21:51 PAGE 1   


C51 COMPILER V9.00, COMPILATION OF MODULE SETALARM
OBJECT MODULE PLACED IN setalarm.OBJ
COMPILER INVOKED BY: C:\Keil4\C51\BIN\C51.EXE setalarm.c DEBUG OBJECTEXTEND

line level    source

   1          #include "ds12c887.h"
   2          
   3          void SetAlarm(uint8_t hour,uint8_t minute,uint8_t second)
   4          {
   5   1         TIME time;
   6   1         time.hour    = hour;
   7   1         time.minute  = minute;
   8   1         time.second  = second;
   9   1         _alarm_enable(&time);
  10   1      }


MODULE INFORMATION:   STATIC OVERLAYABLE
   CODE SIZE        =     15    ----
   CONSTANT SIZE    =   ----    ----
   XDATA SIZE       =   ----    ----
   PDATA SIZE       =   ----    ----
   DATA SIZE        =   ----       8
   IDATA SIZE       =   ----    ----
   BIT SIZE         =   ----    ----
END OF MODULE INFORMATION.


C51 COMPILATION COMPLETE.  0 WARNING(S),  0 ERROR(S)
