C51 COMPILER V9.00   SETTIME_EX                                                            11/18/2020 23:21:51 PAGE 1   


C51 COMPILER V9.00, COMPILATION OF MODULE SETTIME_EX
OBJECT MODULE PLACED IN SETTIME_EX.OBJ
COMPILER INVOKED BY: C:\Keil4\C51\BIN\C51.EXE SETTIME_EX.c DEBUG OBJECTEXTEND

line level    source

   1          #include "ds12c887.h"
   2          
   3          void SetTimeEx(uint8_t year,uint8_t month,uint8_t day,uint8_t weekday,
   4                                                  uint8_t hour,uint8_t minute,uint8_t second)
   5          {
   6   1         TIME time;
   7   1         time.year    = year;
   8   1         time.month   = month;
   9   1         time.day     = day;
  10   1         time.weekday = weekday;
  11   1         time.hour    = hour;
  12   1         time.minute  = minute;
  13   1         time.second  = second;
  14   1         _settime(&time);
  15   1      }


MODULE INFORMATION:   STATIC OVERLAYABLE
   CODE SIZE        =     27    ----
   CONSTANT SIZE    =   ----    ----
   XDATA SIZE       =   ----    ----
   PDATA SIZE       =   ----    ----
   DATA SIZE        =   ----      15
   IDATA SIZE       =   ----    ----
   BIT SIZE         =   ----    ----
END OF MODULE INFORMATION.


C51 COMPILATION COMPLETE.  0 WARNING(S),  0 ERROR(S)
