C51 COMPILER V9.00   SETTIME                                                               11/18/2020 23:21:50 PAGE 1   


C51 COMPILER V9.00, COMPILATION OF MODULE SETTIME
OBJECT MODULE PLACED IN settime.OBJ
COMPILER INVOKED BY: C:\Keil4\C51\BIN\C51.EXE settime.c DEBUG OBJECTEXTEND

line level    source

   1          #include "ds12c887.h"
   2          
   3           void _settime(PTIME time)
   4          {
   5   1        unsigned char ctrl = 0;
   6   1        //特别注意读-修改-写
   7   1        ctrl = DS12C887_Peri_Read(CR_B);//读
   8   1        Set_Bit(ctrl,7);      //设置SET位，禁止更新，修改
   9   1        DS12C887_Peri_Write(CR_B,ctrl);//写
  10   1      
  11   1        DS12C887_Peri_Write(SEC,time->second);
  12   1        DS12C887_Peri_Write(MIN,time->minute);
  13   1        DS12C887_Peri_Write(HOUR,time->hour);
  14   1        DS12C887_Peri_Write(WEEKDAY,time->weekday);
  15   1        DS12C887_Peri_Write(DAY,time->day);
  16   1        DS12C887_Peri_Write(MONTH,time->month);
  17   1        DS12C887_Peri_Write(YEAR,time->year);
  18   1        //特别注意读-修改-写
  19   1        ctrl = DS12C887_Peri_Read(CR_B);//读
  20   1        Clr_Bit(ctrl,7);//清零SET位，恢复更新,修改
  21   1        DS12C887_Peri_Write(CR_B,ctrl);//写
  22   1      }


MODULE INFORMATION:   STATIC OVERLAYABLE
   CODE SIZE        =    161    ----
   CONSTANT SIZE    =   ----    ----
   XDATA SIZE       =   ----    ----
   PDATA SIZE       =   ----    ----
   DATA SIZE        =   ----       3
   IDATA SIZE       =   ----    ----
   BIT SIZE         =   ----    ----
END OF MODULE INFORMATION.


C51 COMPILATION COMPLETE.  0 WARNING(S),  0 ERROR(S)
