C51 COMPILER V9.00   SQW_OUTPUT_NOIRQ                                                      11/18/2020 23:21:51 PAGE 1   


C51 COMPILER V9.00, COMPILATION OF MODULE SQW_OUTPUT_NOIRQ
OBJECT MODULE PLACED IN sqw_output_noirq.OBJ
COMPILER INVOKED BY: C:\Keil4\C51\BIN\C51.EXE sqw_output_noirq.c DEBUG OBJECTEXTEND

line level    source

   1          #include "ds12c887.h" 
   2          
   3          #ifdef SQW_OUTPUT
              
              void Sqw_Output_NoIrq(unsigned char freq)
              {
                unsigned char ctrl;
                ctrl = DS12C887_Peri_Read(CR_B);//特别注意读-修改-写
                Clr_Bit(ctrl,6);
                Set_Bit(ctrl,3);
                DS12C887_Peri_Write(CR_B,ctrl);
              
                ctrl = DS12C887_Peri_Read(CR_A);//特别注意读-修改-写
                ctrl |= freq;
                DS12C887_Peri_Write(CR_A,ctrl);
              }
              
              #endif


MODULE INFORMATION:   STATIC OVERLAYABLE
   CODE SIZE        =   ----    ----
   CONSTANT SIZE    =   ----    ----
   XDATA SIZE       =   ----    ----
   PDATA SIZE       =   ----    ----
   DATA SIZE        =   ----    ----
   IDATA SIZE       =   ----    ----
   BIT SIZE         =   ----    ----
END OF MODULE INFORMATION.


C51 COMPILATION COMPLETE.  0 WARNING(S),  0 ERROR(S)
