C51 COMPILER V9.00   TODAY                                                                 11/18/2020 23:23:53 PAGE 1   


C51 COMPILER V9.00, COMPILATION OF MODULE TODAY
OBJECT MODULE PLACED IN today.OBJ
COMPILER INVOKED BY: C:\Keil4\C51\BIN\C51.EXE today.c DEBUG OBJECTEXTEND

line level    source

   1          #include "ds12c887.h"
   2          #include <string.h>
   3          
   4          void Today(PTIME time,uint8_t *str,int8_t *cmd)
   5          /*参数：
   6            cmd   ①"yy-mm-dd"只返回年月日
   7                  ②"yy-mm-dd hh-mm-ss w"全日期
   8          */
   9          {
  10   1         int8_t index;
  11   1         _gettime(time);
  12   1         if(strcmp("yy-mm-dd",cmd) == 0){
  13   2           str[0] = time->year;
  14   2               str[1] = time->month;
  15   2               str[2] = time->day;
  16   2               }
  17   1         else if(strcmp("yy-mm-dd hh-mm-ss w",cmd) == 0){
  18   2           str[0] = time->year;
  19   2               str[1] = time->month;
  20   2               str[2] = time->day;
  21   2               str[3] = time->hour;
  22   2               str[4] = time->minute;
  23   2               str[5] = time->second;
  24   2               str[6] = time->weekday;
  25   2               }
  26   1               else
  27   1                for(index = 0;index < sizeof(str);index++)
  28   1                  str[index] = 0xff;
  29   1      }
  30          
  31          
  32                   


MODULE INFORMATION:   STATIC OVERLAYABLE
   CODE SIZE        =    303    ----
   CONSTANT SIZE    =     29    ----
   XDATA SIZE       =   ----    ----
   PDATA SIZE       =   ----    ----
   DATA SIZE        =   ----       9
   IDATA SIZE       =   ----    ----
   BIT SIZE         =   ----    ----
END OF MODULE INFORMATION.


C51 COMPILATION COMPLETE.  0 WARNING(S),  0 ERROR(S)
